<?xml version="1.0" encoding="UTF-8"?>
<!-- Generated by org.testng.reporters.JUnitXMLReporter -->
<testsuite ignored="0" hostname="DESKTOP-UPFHL7C" failures="0" tests="27" name="Billing Test Suite Semi-Monthly" time="130.712" errors="0" timestamp="2025-02-02T22:02:25 CST">
  <testcase classname="AutomationTesting.BillingTest.BillingTestSuite16th" name="LI01" time="3.066"/>
  <testcase classname="AutomationTesting.BillingTest.BillingTestSuite16th" name="LI02" time="1.829"/>
  <testcase classname="AutomationTesting.BillingTest.BillingTestSuite16th" name="BIL01" time="26.577"/>
  <testcase classname="AutomationTesting.BillingTest.BillingTestSuite16th" name="BIL02" time="0.083"/>
  <testcase classname="AutomationTesting.BillingTest.BillingTestSuite16th" name="BIL03" time="0.088"/>
  <testcase classname="AutomationTesting.BillingTest.BillingTestSuite16th" name="BIL04" time="0.039"/>
  <testcase classname="AutomationTesting.BillingTest.BillingTestSuite16th" name="COL01" time="43.248"/>
  <testcase classname="AutomationTesting.BillingTest.BillingTestSuite16th" name="COL02" time="10.194"/>
  <testcase classname="AutomationTesting.BillingTest.BillingTestSuite16th" name="COL03" time="3.078"/>
  <testcase classname="AutomationTesting.BillingTest.BillingTestSuite16th" name="AR01" time="10.06"/>
  <testcase classname="AutomationTesting.BillingTest.BillingTestSuite16th" name="AR02" time="0.019"/>
  <testcase classname="AutomationTesting.BillingTest.BillingTestSuite16th" name="AR03" time="0.019"/>
  <testcase classname="AutomationTesting.BillingTest.BillingTestSuite16th" name="SOA01" time="10.16"/>
  <testcase classname="AutomationTesting.BillingTest.BillingTestSuite16th" name="SOA02" time="0.022"/>
  <testcase classname="AutomationTesting.BillingTest.BillingTestSuite16th" name="SOA3" time="0.02"/>
  <testcase classname="AutomationTesting.BillingTest.BillingTestSuite16th" name="SOA4" time="9.221"/>
  <testcase classname="AutomationTesting.BillingTest.BillingTestSuite16th" name="SOA5" time="0.022"/>
  <testcase classname="AutomationTesting.BillingTest.BillingTestSuite16th" name="SOA6" time="0.036"/>
  <testcase classname="AutomationTesting.BillingTest.BillingTestSuite16th" name="SOA7" time="0.021"/>
  <testcase classname="AutomationTesting.BillingTest.BillingTestSuite16th" name="SOA8" time="0.017"/>
  <testcase classname="AutomationTesting.BillingTest.BillingTestSuite16th" name="SOA9" time="0.018"/>
  <testcase classname="AutomationTesting.BillingTest.BillingTestSuite16th" name="SOA10" time="0.017"/>
  <testcase classname="AutomationTesting.BillingTest.BillingTestSuite16th" name="SOA11" time="0.019"/>
  <testcase classname="AutomationTesting.BillingTest.BillingTestSuite16th" name="SOA12" time="0.019"/>
  <testcase classname="AutomationTesting.BillingTest.BillingTestSuite16th" name="SOA13" time="0.016"/>
  <testcase classname="AutomationTesting.BillingTest.BillingTestSuite16th" name="SOA14" time="0.025"/>
  <testcase classname="AutomationTesting.BillingTest.BillingTestSuite16th" name="SOA15" time="10.501"/>
</testsuite> <!-- Billing Test Suite Semi-Monthly -->
