<?xml version="1.0" encoding="UTF-8"?>
<!-- Generated by org.testng.reporters.JUnitXMLReporter -->
<testsuite ignored="0" hostname="DESKTOP-UPFHL7C" failures="0" tests="34" name="Billing Test Suite Monthly" time="167.272" errors="0" timestamp="2025-02-02T22:05:13 CST">
  <testcase classname="AutomationTesting.BillingTest.BillingTestSuite30th31st" name="LI01" time="2.815"/>
  <testcase classname="AutomationTesting.BillingTest.BillingTestSuite30th31st" name="LI02" time="1.812"/>
  <testcase classname="AutomationTesting.BillingTest.BillingTestSuite30th31st" name="CL01" time="17.098"/>
  <testcase classname="AutomationTesting.BillingTest.BillingTestSuite30th31st" name="BIL01" time="25.212"/>
  <testcase classname="AutomationTesting.BillingTest.BillingTestSuite30th31st" name="BIL02" time="0.019"/>
  <testcase classname="AutomationTesting.BillingTest.BillingTestSuite30th31st" name="BIL03" time="0.076"/>
  <testcase classname="AutomationTesting.BillingTest.BillingTestSuite30th31st" name="BIL04" time="0.102"/>
  <testcase classname="AutomationTesting.BillingTest.BillingTestSuite30th31st" name="COL01" time="43.844"/>
  <testcase classname="AutomationTesting.BillingTest.BillingTestSuite30th31st" name="COL02" time="10.153"/>
  <testcase classname="AutomationTesting.BillingTest.BillingTestSuite30th31st" name="COL03" time="3.072"/>
  <testcase classname="AutomationTesting.BillingTest.BillingTestSuite30th31st" name="AR01" time="10.773"/>
  <testcase classname="AutomationTesting.BillingTest.BillingTestSuite30th31st" name="AR02" time="0.017"/>
  <testcase classname="AutomationTesting.BillingTest.BillingTestSuite30th31st" name="AR03" time="0.019"/>
  <testcase classname="AutomationTesting.BillingTest.BillingTestSuite30th31st" name="BS01" time="17.636"/>
  <testcase classname="AutomationTesting.BillingTest.BillingTestSuite30th31st" name="BS02" time="3.166"/>
  <testcase classname="AutomationTesting.BillingTest.BillingTestSuite30th31st" name="BS03" time="0.035"/>
  <testcase classname="AutomationTesting.BillingTest.BillingTestSuite30th31st" name="BS04" time="0.035"/>
  <testcase classname="AutomationTesting.BillingTest.BillingTestSuite30th31st" name="BS05" time="0.017"/>
  <testcase classname="AutomationTesting.BillingTest.BillingTestSuite30th31st" name="BS06" time="0.043"/>
  <testcase classname="AutomationTesting.BillingTest.BillingTestSuite30th31st" name="SOA01" time="10.53"/>
  <testcase classname="AutomationTesting.BillingTest.BillingTestSuite30th31st" name="SOA02" time="0.02"/>
  <testcase classname="AutomationTesting.BillingTest.BillingTestSuite30th31st" name="SOA3" time="0.02"/>
  <testcase classname="AutomationTesting.BillingTest.BillingTestSuite30th31st" name="SOA4" time="9.212"/>
  <testcase classname="AutomationTesting.BillingTest.BillingTestSuite30th31st" name="SOA5" time="0.017"/>
  <testcase classname="AutomationTesting.BillingTest.BillingTestSuite30th31st" name="SOA6" time="0.035"/>
  <testcase classname="AutomationTesting.BillingTest.BillingTestSuite30th31st" name="SOA7" time="0.018"/>
  <testcase classname="AutomationTesting.BillingTest.BillingTestSuite30th31st" name="SOA8" time="0.016"/>
  <testcase classname="AutomationTesting.BillingTest.BillingTestSuite30th31st" name="SOA9" time="0.017"/>
  <testcase classname="AutomationTesting.BillingTest.BillingTestSuite30th31st" name="SOA10" time="0.014"/>
  <testcase classname="AutomationTesting.BillingTest.BillingTestSuite30th31st" name="SOA11" time="0.017"/>
  <testcase classname="AutomationTesting.BillingTest.BillingTestSuite30th31st" name="SOA12" time="0.018"/>
  <testcase classname="AutomationTesting.BillingTest.BillingTestSuite30th31st" name="SOA13" time="0.014"/>
  <testcase classname="AutomationTesting.BillingTest.BillingTestSuite30th31st" name="SOA14" time="0.02"/>
  <testcase classname="AutomationTesting.BillingTest.BillingTestSuite30th31st" name="SOA15" time="10.083"/>
</testsuite> <!-- Billing Test Suite Monthly -->
